[0.042s] Invoking command in '/home/ake/A.Ke/A.Ke_project/detector_opencv/src/detector_learn/build/detector_learn': CMAKE_PREFIX_PATH=${CMAKE_PREFIX_PATH}:/opt/ros/humble /usr/bin/cmake --build /home/ake/A.Ke/A.Ke_project/detector_opencv/src/detector_learn/build/detector_learn -- -j2 -l2
[0.161s] [35m[1mConsolidate compiler generated dependencies of target detector_learn[0m
[0.224s] [ 50%] [32mBuilding CXX object CMakeFiles/detector_learn.dir/src/detector_learn.cpp.o[0m
[4.864s] [01m[K/home/ake/A.Ke/A.Ke_project/detector_opencv/src/detector_learn/src/detector_learn.cpp:[m[K In member function â€˜[01m[Kvoid ArmorDetector::detect_armor(cv::Mat&)[m[Kâ€™:
[4.864s] [01m[K/home/ake/A.Ke/A.Ke_project/detector_opencv/src/detector_learn/src/detector_learn.cpp:57:82:[m[K [01;31m[Kerror: [m[Kâ€˜[01m[KredMask1[m[Kâ€™ was not declared in this scope; did you mean â€˜[01m[KredMask[m[Kâ€™?
[4.864s]    57 |         cv::inRange(hsvImage, cv::Scalar(0, 100, 100), cv::Scalar(10, 255, 255), [01;31m[KredMask1[m[K); // çº¢è‰²èŒƒå›´1
[4.864s]       |                                                                                  [01;31m[K^~~~~~~~[m[K
[4.864s]       |                                                                                  [32m[KredMask[m[K
[4.873s] [01m[K/home/ake/A.Ke/A.Ke_project/detector_opencv/src/detector_learn/src/detector_learn.cpp:58:85:[m[K [01;31m[Kerror: [m[Kâ€˜[01m[KredMask2[m[Kâ€™ was not declared in this scope; did you mean â€˜[01m[KredMask[m[Kâ€™?
[4.873s]    58 |         cv::inRange(hsvImage, cv::Scalar(170, 100, 100), cv::Scalar(180, 255, 255), [01;31m[KredMask2[m[K); // çº¢è‰²èŒƒå›´2
[4.873s]       |                                                                                     [01;31m[K^~~~~~~~[m[K
[4.873s]       |                                                                                     [32m[KredMask[m[K
[6.086s] gmake[2]: *** [CMakeFiles/detector_learn.dir/build.make:76ï¼šCMakeFiles/detector_learn.dir/src/detector_learn.cpp.o] é”™è¯¯ 1
[6.089s] gmake[1]: *** [CMakeFiles/Makefile2:137ï¼šCMakeFiles/detector_learn.dir/all] é”™è¯¯ 2
[6.090s] gmake: *** [Makefile:146ï¼šall] é”™è¯¯ 2
[6.093s] Invoked command in '/home/ake/A.Ke/A.Ke_project/detector_opencv/src/detector_learn/build/detector_learn' returned '2': CMAKE_PREFIX_PATH=${CMAKE_PREFIX_PATH}:/opt/ros/humble /usr/bin/cmake --build /home/ake/A.Ke/A.Ke_project/detector_opencv/src/detector_learn/build/detector_learn -- -j2 -l2
