[0.082s] Invoking command in '/home/ake/A.Ke/A.Ke_project/camera_calibration/src/camera_learn/build/camera_learn': CMAKE_PREFIX_PATH=/opt/ros/humble /usr/bin/cmake --build /home/ake/A.Ke/A.Ke_project/camera_calibration/src/camera_learn/build/camera_learn -- -j2 -l2
[1.186s] -- Found ament_cmake: 1.3.9 (/opt/ros/humble/share/ament_cmake/cmake)
[1.811s] -- Found rclcpp: 16.0.9 (/opt/ros/humble/share/rclcpp/cmake)
[2.027s] -- Found rosidl_generator_c: 3.1.5 (/opt/ros/humble/share/rosidl_generator_c/cmake)
[2.043s] -- Found rosidl_adapter: 3.1.5 (/opt/ros/humble/share/rosidl_adapter/cmake)
[2.131s] -- Found rosidl_generator_cpp: 3.1.5 (/opt/ros/humble/share/rosidl_generator_cpp/cmake)
[2.197s] -- Using all available rosidl_typesupport_c: rosidl_typesupport_fastrtps_c;rosidl_typesupport_introspection_c
[2.287s] -- Using all available rosidl_typesupport_cpp: rosidl_typesupport_fastrtps_cpp;rosidl_typesupport_introspection_cpp
[2.492s] -- Found rmw_implementation_cmake: 6.1.2 (/opt/ros/humble/share/rmw_implementation_cmake/cmake)
[2.525s] -- Found rmw_fastrtps_cpp: 6.2.6 (/opt/ros/humble/share/rmw_fastrtps_cpp/cmake)
[2.977s] -- Using RMW implementation 'rmw_fastrtps_cpp' as default
[3.571s] -- Found ament_lint_auto: 0.12.11 (/opt/ros/humble/share/ament_lint_auto/cmake)
[3.906s] -- Added test 'cppcheck' to perform static code analysis on C / C++ code
[3.906s] -- Configured cppcheck include dirs: /home/ake/A.Ke/A.Ke_project/camera_calibration/src/camera_learn/include
[3.906s] -- Configured cppcheck exclude dirs and/or files: 
[3.911s] -- Added test 'flake8' to check Python code syntax and style conventions
[3.921s] -- Added test 'lint_cmake' to check CMake code style
[3.928s] -- Added test 'pep257' to check Python code against some of the docstring style conventions in PEP 257
[3.959s] -- Added test 'uncrustify' to check C / C++ code style
[3.959s] -- Configured uncrustify additional arguments: 
[3.961s] -- Added test 'xmllint' to check XML markup files
[4.003s] -- Configuring done
[4.248s] -- Generating done
[4.248s] -- Build files have been written to: /home/ake/A.Ke/A.Ke_project/camera_calibration/src/camera_learn/build/camera_learn
[4.330s] [35m[1mConsolidate compiler generated dependencies of target camera_learn[0m
[4.955s] [ 50%] [32mBuilding CXX object CMakeFiles/camera_learn.dir/src/camera_learn.cpp.o[0m
[7.926s] In file included from [01m[K/opt/ros/humble/include/rcl/rcl/guard_condition.h:26[m[K,
[7.926s]                  from [01m[K/opt/ros/humble/include/rclcpp/rclcpp/executor.hpp:30[m[K,
[7.926s]                  from [01m[K/opt/ros/humble/include/rclcpp/rclcpp/executors/multi_threaded_executor.hpp:25[m[K,
[7.927s]                  from [01m[K/opt/ros/humble/include/rclcpp/rclcpp/executors.hpp:21[m[K,
[7.927s]                  from [01m[K/opt/ros/humble/include/rclcpp/rclcpp/rclcpp.hpp:155[m[K,
[7.927s]                  from [01m[K/home/ake/A.Ke/A.Ke_project/camera_calibration/src/camera_learn/src/camera_learn.cpp:1[m[K:
[7.927s] [01m[K/opt/ros/humble/include/rcl/rcl/context.h:25:10:[m[K [01;31m[Kfatal error: [m[Krmw/init.h: æ²¡æœ‰é‚£ä¸ªæ–‡ä»¶æˆ–ç›®å½•
[7.927s]    25 | #include [01;31m[K"rmw/init.h"[m[K
[7.927s]       |          [01;31m[K^~~~~~~~~~~~[m[K
[7.928s] compilation terminated.
[7.944s] gmake[2]: *** [CMakeFiles/camera_learn.dir/build.make:76ï¼šCMakeFiles/camera_learn.dir/src/camera_learn.cpp.o] é”™è¯¯ 1
[7.944s] gmake[1]: *** [CMakeFiles/Makefile2:137ï¼šCMakeFiles/camera_learn.dir/all] é”™è¯¯ 2
[7.944s] gmake: *** [Makefile:146ï¼šall] é”™è¯¯ 2
[7.946s] Invoked command in '/home/ake/A.Ke/A.Ke_project/camera_calibration/src/camera_learn/build/camera_learn' returned '2': CMAKE_PREFIX_PATH=/opt/ros/humble /usr/bin/cmake --build /home/ake/A.Ke/A.Ke_project/camera_calibration/src/camera_learn/build/camera_learn -- -j2 -l2
