[0.115s] Invoking command in '/home/ake/A.Ke/A.Ke_project/final_project/src/detect_final/build/detect_final': CMAKE_PREFIX_PATH=${CMAKE_PREFIX_PATH}:/opt/ros/humble CONDA_PROMPT_MODIFIER=(base) /usr/bin/cmake --build /home/ake/A.Ke/A.Ke_project/final_project/src/detect_final/build/detect_final -- -j2 -l2
[0.930s] [35m[1mConsolidate compiler generated dependencies of target detect_final[0m
[0.999s] [ 50%] [32mBuilding CXX object CMakeFiles/detect_final.dir/src/detect_final.cpp.o[0m
[6.943s] [01m[K/home/ake/A.Ke/A.Ke_project/final_project/src/detect_final/src/detect_final.cpp:[m[K In function â€˜[01m[Kint main(int, char**)[m[Kâ€™:
[6.943s] [01m[K/home/ake/A.Ke/A.Ke_project/final_project/src/detect_final/src/detect_final.cpp:134:14:[m[K [01;35m[Kwarning: [m[Kvariable â€˜[01m[KfindTarget[m[Kâ€™ set but not used [[01;35m[K]8;;https://gcc.gnu.org/onlinedocs/gcc/Warning-Options.html#index-Wunused-but-set-variable-Wunused-but-set-variable]8;;[m[K]
[6.943s]   134 |         bool [01;35m[KfindTarget[m[K=0;
[6.943s]       |              [01;35m[K^~~~~~~~~~[m[K
[6.943s] [01m[K/home/ake/A.Ke/A.Ke_project/final_project/src/detect_final/src/detect_final.cpp:280:2:[m[K [01;31m[Kerror: [m[Kexpected â€˜[01m[K}[m[Kâ€™ at end of input
[6.943s]   280 | }
[6.943s]       |  [01;31m[K^[m[K
[6.944s] [01m[K/home/ake/A.Ke/A.Ke_project/final_project/src/detect_final/src/detect_final.cpp:82:1:[m[K [01;36m[Knote: [m[Kto match this â€˜[01m[K{[m[Kâ€™
[6.944s]    82 | [01;36m[K{[m[K
[6.944s]       | [01;36m[K^[m[K
[6.944s] [01m[K/home/ake/A.Ke/A.Ke_project/final_project/src/detect_final/src/detect_final.cpp:81:14:[m[K [01;35m[Kwarning: [m[Kunused parameter â€˜[01m[Kargc[m[Kâ€™ [[01;35m[K]8;;https://gcc.gnu.org/onlinedocs/gcc/Warning-Options.html#index-Wunused-parameter-Wunused-parameter]8;;[m[K]
[6.944s]    81 | int main([01;35m[Kint argc[m[K, char *argv[])
[6.944s]       |          [01;35m[K~~~~^~~~[m[K
[6.944s] [01m[K/home/ake/A.Ke/A.Ke_project/final_project/src/detect_final/src/detect_final.cpp:81:26:[m[K [01;35m[Kwarning: [m[Kunused parameter â€˜[01m[Kargv[m[Kâ€™ [[01;35m[K]8;;https://gcc.gnu.org/onlinedocs/gcc/Warning-Options.html#index-Wunused-parameter-Wunused-parameter]8;;[m[K]
[6.944s]    81 | int main(int argc, [01;35m[Kchar *argv[][m[K)
[6.944s]       |                    [01;35m[K~~~~~~^~~~~~[m[K
[8.241s] gmake[2]: *** [CMakeFiles/detect_final.dir/build.make:76ï¼šCMakeFiles/detect_final.dir/src/detect_final.cpp.o] é”™è¯¯ 1
[8.242s] gmake[1]: *** [CMakeFiles/Makefile2:137ï¼šCMakeFiles/detect_final.dir/all] é”™è¯¯ 2
[8.247s] gmake: *** [Makefile:146ï¼šall] é”™è¯¯ 2
[8.250s] Invoked command in '/home/ake/A.Ke/A.Ke_project/final_project/src/detect_final/build/detect_final' returned '2': CMAKE_PREFIX_PATH=${CMAKE_PREFIX_PATH}:/opt/ros/humble CONDA_PROMPT_MODIFIER=(base) /usr/bin/cmake --build /home/ake/A.Ke/A.Ke_project/final_project/src/detect_final/build/detect_final -- -j2 -l2
