[0.023s] Invoking command in '/home/ake/A.Ke/A.Ke_project/final_project/src/detect_final/build/detect_final': CMAKE_PREFIX_PATH=/opt/ros/humble CONDA_PROMPT_MODIFIER=(base) /usr/bin/cmake --build /home/ake/A.Ke/A.Ke_project/final_project/src/detect_final/build/detect_final -- -j2 -l2
[0.147s] [ 25%] [32mBuilding CXX object CMakeFiles/detect_final.dir/src/inference.cpp.o[0m
[0.149s] [ 50%] [32mBuilding CXX object CMakeFiles/detect_final.dir/src/yolo_pose_video.cpp.o[0m
[3.873s] [01m[K/home/ake/A.Ke/A.Ke_project/final_project/src/detect_final/src/yolo_pose_video.cpp:[m[K In function â€˜[01m[Kint main(int, char**)[m[Kâ€™:
[3.873s] [01m[K/home/ake/A.Ke/A.Ke_project/final_project/src/detect_final/src/yolo_pose_video.cpp:8:14:[m[K [01;35m[Kwarning: [m[Kunused parameter â€˜[01m[Kargc[m[Kâ€™ [[01;35m[K]8;;https://gcc.gnu.org/onlinedocs/gcc/Warning-Options.html#index-Wunused-parameter-Wunused-parameter]8;;[m[K]
[3.873s]     8 | int main([01;35m[Kint argc[m[K, char **argv)
[3.873s]       |          [01;35m[K~~~~^~~~[m[K
[3.873s] [01m[K/home/ake/A.Ke/A.Ke_project/final_project/src/detect_final/src/yolo_pose_video.cpp:8:27:[m[K [01;35m[Kwarning: [m[Kunused parameter â€˜[01m[Kargv[m[Kâ€™ [[01;35m[K]8;;https://gcc.gnu.org/onlinedocs/gcc/Warning-Options.html#index-Wunused-parameter-Wunused-parameter]8;;[m[K]
[3.873s]     8 | int main(int argc, [01;35m[Kchar **argv[m[K)
[3.873s]       |                    [01;35m[K~~~~~~~^~~~[m[K
[5.407s] [ 75%] [32m[1mLinking CXX executable detect_final[0m
[5.614s] /usr/bin/ld: CMakeFiles/detect_final.dir/src/yolo_pose_video.cpp.o: in function `main':
[5.623s] yolo_pose_video.cpp:(.text+0x0): multiple definition of `main'; CMakeFiles/detect_final.dir/src/detect_final.cpp.o:detect_final.cpp:(.text+0xa9a): first defined here
[9.067s] collect2: error: ld returned 1 exit status
[9.068s] gmake[2]: *** [CMakeFiles/detect_final.dir/build.make:198ï¼šdetect_final] é”™è¯¯ 1
[9.069s] gmake[1]: *** [CMakeFiles/Makefile2:137ï¼šCMakeFiles/detect_final.dir/all] é”™è¯¯ 2
[9.069s] gmake: *** [Makefile:146ï¼šall] é”™è¯¯ 2
[9.070s] Invoked command in '/home/ake/A.Ke/A.Ke_project/final_project/src/detect_final/build/detect_final' returned '2': CMAKE_PREFIX_PATH=/opt/ros/humble CONDA_PROMPT_MODIFIER=(base) /usr/bin/cmake --build /home/ake/A.Ke/A.Ke_project/final_project/src/detect_final/build/detect_final -- -j2 -l2
