[35m[1mConsolidate compiler generated dependencies of target detector_learn[0m
[ 50%] [32mBuilding CXX object CMakeFiles/detector_learn.dir/src/detector_learn.cpp.o[0m
[01m[K/home/ake/A.Ke/A.Ke_project/detector_opencv/src/detector_learn/src/detector_learn.cpp:[m[K In member function â€˜[01m[Kvoid ArmorDetector::detect_armor(cv::Mat&)[m[Kâ€™:
[01m[K/home/ake/A.Ke/A.Ke_project/detector_opencv/src/detector_learn/src/detector_learn.cpp:64:73:[m[K [01;31m[Kerror: [m[Kunable to find numeric literal operator â€˜[01m[Koperator""s[m[Kâ€™
   64 |         cv::inRange(hsvImage, cv::Scalar(70, 110, 150), cv::Scalar(130, [01;31m[K150s[m[K, 255), blueMask);//cv::Scalar(100, 50, 50), cv::Scalar(125, 255, 255)
      |                                                                         [01;31m[K^~~~[m[K
gmake[2]: *** [CMakeFiles/detector_learn.dir/build.make:76ï¼šCMakeFiles/detector_learn.dir/src/detector_learn.cpp.o] é”™è¯¯ 1
gmake[1]: *** [CMakeFiles/Makefile2:137ï¼šCMakeFiles/detector_learn.dir/all] é”™è¯¯ 2
gmake: *** [Makefile:146ï¼šall] é”™è¯¯ 2
