[0.026s] Invoking command in '/home/ake/A.Ke/A.Ke_project/armor_yolov8/src/armor_pnp_learn/build/armor_pnp_learn': CMAKE_PREFIX_PATH=/opt/ros/humble CONDA_PROMPT_MODIFIER=(base) /usr/bin/cmake --build /home/ake/A.Ke/A.Ke_project/armor_yolov8/src/armor_pnp_learn/build/armor_pnp_learn -- -j2 -l2
[0.100s] -- Found ament_cmake: 1.3.10 (/opt/ros/humble/share/ament_cmake/cmake)
[0.313s] -- Found rclcpp: 16.0.10 (/opt/ros/humble/share/rclcpp/cmake)
[0.341s] -- Found rosidl_generator_c: 3.1.5 (/opt/ros/humble/share/rosidl_generator_c/cmake)
[0.343s] -- Found rosidl_adapter: 3.1.5 (/opt/ros/humble/share/rosidl_adapter/cmake)
[0.352s] -- Found rosidl_generator_cpp: 3.1.5 (/opt/ros/humble/share/rosidl_generator_cpp/cmake)
[0.365s] -- Using all available rosidl_typesupport_c: rosidl_typesupport_fastrtps_c;rosidl_typesupport_introspection_c
[0.386s] -- Using all available rosidl_typesupport_cpp: rosidl_typesupport_fastrtps_cpp;rosidl_typesupport_introspection_cpp
[0.415s] -- Found rmw_implementation_cmake: 6.1.2 (/opt/ros/humble/share/rmw_implementation_cmake/cmake)
[0.418s] -- Found rmw_fastrtps_cpp: 6.2.7 (/opt/ros/humble/share/rmw_fastrtps_cpp/cmake)
[0.560s] -- Using RMW implementation 'rmw_fastrtps_cpp' as default
[0.630s] -- Found tf2: 0.25.7 (/opt/ros/humble/share/tf2/cmake)
[0.654s] -- Found tf2_ros: 0.25.7 (/opt/ros/humble/share/tf2_ros/cmake)
[0.760s] -- Found ament_lint_auto: 0.12.11 (/opt/ros/humble/share/ament_lint_auto/cmake)
[0.888s] -- Added test 'cppcheck' to perform static code analysis on C / C++ code
[0.888s] -- Configured cppcheck include dirs: 
[0.888s] -- Configured cppcheck exclude dirs and/or files: 
[0.889s] -- Added test 'flake8' to check Python code syntax and style conventions
[0.895s] -- Added test 'lint_cmake' to check CMake code style
[0.903s] -- Added test 'pep257' to check Python code against some of the docstring style conventions in PEP 257
[0.924s] -- Added test 'uncrustify' to check C / C++ code style
[0.924s] -- Configured uncrustify additional arguments: 
[0.925s] -- Added test 'xmllint' to check XML markup files
[0.926s] -- Configuring done
[0.951s] -- Generating done
[0.956s] -- Build files have been written to: /home/ake/A.Ke/A.Ke_project/armor_yolov8/src/armor_pnp_learn/build/armor_pnp_learn
[1.017s] [35m[1mConsolidate compiler generated dependencies of target armor_pnp_learn[0m
[1.049s] [ 33%] [32mBuilding CXX object CMakeFiles/armor_pnp_learn.dir/src/armor_pnp_learn.cpp.o[0m
[1.049s] [ 66%] [32mBuilding CXX object CMakeFiles/armor_pnp_learn.dir/src/inference.cpp.o[0m
[9.694s] [01m[K/home/ake/A.Ke/A.Ke_project/armor_yolov8/src/armor_pnp_learn/src/armor_pnp_learn.cpp:[m[K In function â€˜[01m[Kint main(int, char**)[m[Kâ€™:
[9.694s] [01m[K/home/ake/A.Ke/A.Ke_project/armor_yolov8/src/armor_pnp_learn/src/armor_pnp_learn.cpp:41:23:[m[K [01;35m[Kwarning: [m[Kcomparison of integer expressions of different signedness: â€˜[01m[Kint[m[Kâ€™ and â€˜[01m[Kstd::vector<std::__cxx11::basic_string<char> >::size_type[m[Kâ€™ {aka â€˜[01m[Klong unsigned int[m[Kâ€™} [[01;35m[K]8;;https://gcc.gnu.org/onlinedocs/gcc/Warning-Options.html#index-Wsign-compare-Wsign-compare]8;;[m[K]
[9.694s]    41 |     for (int i = 0; [01;35m[Ki < imageNames.size()[m[K; ++i)
[9.694s]       |                     [01;35m[K~~^~~~~~~~~~~~~~~~~~~[m[K
[9.701s] [01m[K/home/ake/A.Ke/A.Ke_project/armor_yolov8/src/armor_pnp_learn/src/armor_pnp_learn.cpp:15:14:[m[K [01;35m[Kwarning: [m[Kunused parameter â€˜[01m[Kargc[m[Kâ€™ [[01;35m[K]8;;https://gcc.gnu.org/onlinedocs/gcc/Warning-Options.html#index-Wunused-parameter-Wunused-parameter]8;;[m[K]
[9.701s]    15 | int main([01;35m[Kint argc[m[K, char **argv)
[9.701s]       |          [01;35m[K~~~~^~~~[m[K
[9.701s] [01m[K/home/ake/A.Ke/A.Ke_project/armor_yolov8/src/armor_pnp_learn/src/armor_pnp_learn.cpp:15:27:[m[K [01;35m[Kwarning: [m[Kunused parameter â€˜[01m[Kargv[m[Kâ€™ [[01;35m[K]8;;https://gcc.gnu.org/onlinedocs/gcc/Warning-Options.html#index-Wunused-parameter-Wunused-parameter]8;;[m[K]
[9.701s]    15 | int main(int argc, [01;35m[Kchar **argv[m[K)
[9.701s]       |                    [01;35m[K~~~~~~~^~~~[m[K
[11.067s] [100%] [32m[1mLinking CXX executable armor_pnp_learn[0m
[11.322s] /usr/bin/ld: æ‰¾ä¸åˆ° -ltf2: æ²¡æœ‰é‚£ä¸ªæ–‡ä»¶æˆ–ç›®å½•
[11.322s] /usr/bin/ld: æ‰¾ä¸åˆ° -ltf2_ros: æ²¡æœ‰é‚£ä¸ªæ–‡ä»¶æˆ–ç›®å½•
[12.613s] collect2: error: ld returned 1 exit status
[12.614s] gmake[2]: *** [CMakeFiles/armor_pnp_learn.dir/build.make:228ï¼šarmor_pnp_learn] é”™è¯¯ 1
[12.615s] gmake[1]: *** [CMakeFiles/Makefile2:137ï¼šCMakeFiles/armor_pnp_learn.dir/all] é”™è¯¯ 2
[12.615s] gmake: *** [Makefile:146ï¼šall] é”™è¯¯ 2
[12.617s] Invoked command in '/home/ake/A.Ke/A.Ke_project/armor_yolov8/src/armor_pnp_learn/build/armor_pnp_learn' returned '2': CMAKE_PREFIX_PATH=/opt/ros/humble CONDA_PROMPT_MODIFIER=(base) /usr/bin/cmake --build /home/ake/A.Ke/A.Ke_project/armor_yolov8/src/armor_pnp_learn/build/armor_pnp_learn -- -j2 -l2
