-- Found ament_cmake: 1.3.10 (/opt/ros/humble/share/ament_cmake/cmake)
-- Found rclcpp: 16.0.10 (/opt/ros/humble/share/rclcpp/cmake)
-- Found rosidl_generator_c: 3.1.5 (/opt/ros/humble/share/rosidl_generator_c/cmake)
-- Found rosidl_adapter: 3.1.5 (/opt/ros/humble/share/rosidl_adapter/cmake)
-- Found rosidl_generator_cpp: 3.1.5 (/opt/ros/humble/share/rosidl_generator_cpp/cmake)
-- Using all available rosidl_typesupport_c: rosidl_typesupport_fastrtps_c;rosidl_typesupport_introspection_c
-- Using all available rosidl_typesupport_cpp: rosidl_typesupport_fastrtps_cpp;rosidl_typesupport_introspection_cpp
-- Found rmw_implementation_cmake: 6.1.2 (/opt/ros/humble/share/rmw_implementation_cmake/cmake)
-- Found rmw_fastrtps_cpp: 6.2.7 (/opt/ros/humble/share/rmw_fastrtps_cpp/cmake)
-- Using RMW implementation 'rmw_fastrtps_cpp' as default
-- Found ament_lint_auto: 0.12.11 (/opt/ros/humble/share/ament_lint_auto/cmake)
-- Added test 'cppcheck' to perform static code analysis on C / C++ code
-- Configured cppcheck include dirs: 
-- Configured cppcheck exclude dirs and/or files: 
-- Added test 'flake8' to check Python code syntax and style conventions
-- Added test 'lint_cmake' to check CMake code style
-- Added test 'pep257' to check Python code against some of the docstring style conventions in PEP 257
-- Added test 'uncrustify' to check C / C++ code style
-- Configured uncrustify additional arguments: 
-- Added test 'xmllint' to check XML markup files
-- Configuring done
-- Generating done
-- Build files have been written to: /home/ake/A.Ke/A.Ke_project/final_project/src/detect_final/build/detect_final
[35m[1mConsolidate compiler generated dependencies of target detect_final[0m
[ 25%] [32mBuilding CXX object CMakeFiles/detect_final.dir/src/yolo_pose_video.cpp.o[0m
[ 50%] [32mBuilding CXX object CMakeFiles/detect_final.dir/src/inference.cpp.o[0m
[01m[K/home/ake/A.Ke/A.Ke_project/final_project/src/detect_final/src/yolo_pose_video.cpp:[m[K In function ‘[01m[Kint main(int, char**)[m[K’:
[01m[K/home/ake/A.Ke/A.Ke_project/final_project/src/detect_final/src/yolo_pose_video.cpp:56:46:[m[K [01;31m[Kerror: [m[K‘[01m[Kstruct Detection[m[K’ has no member named ‘[01m[Kkeypoints[m[K’
   56 |             for (const Point &kp : detection.[01;31m[Kkeypoints[m[K) {
      |                                              [01;31m[K^~~~~~~~~[m[K
[01m[K/home/ake/A.Ke/A.Ke_project/final_project/src/detect_final/src/yolo_pose_video.cpp:8:14:[m[K [01;35m[Kwarning: [m[Kunused parameter ‘[01m[Kargc[m[K’ [[01;35m[K]8;;https://gcc.gnu.org/onlinedocs/gcc/Warning-Options.html#index-Wunused-parameter-Wunused-parameter]8;;[m[K]
    8 | int main([01;35m[Kint argc[m[K, char **argv)
      |          [01;35m[K~~~~^~~~[m[K
[01m[K/home/ake/A.Ke/A.Ke_project/final_project/src/detect_final/src/yolo_pose_video.cpp:8:27:[m[K [01;35m[Kwarning: [m[Kunused parameter ‘[01m[Kargv[m[K’ [[01;35m[K]8;;https://gcc.gnu.org/onlinedocs/gcc/Warning-Options.html#index-Wunused-parameter-Wunused-parameter]8;;[m[K]
    8 | int main(int argc, [01;35m[Kchar **argv[m[K)
      |                    [01;35m[K~~~~~~~^~~~[m[K
gmake[2]: *** [CMakeFiles/detect_final.dir/build.make:90：CMakeFiles/detect_final.dir/src/yolo_pose_video.cpp.o] 错误 1
gmake[2]: *** 正在等待未完成的任务....
gmake[1]: *** [CMakeFiles/Makefile2:137：CMakeFiles/detect_final.dir/all] 错误 2
gmake: *** [Makefile:146：all] 错误 2
