[01m[K/home/ake/A.Ke/A.Ke_project/final_project/src/detect_final/src/main.cpp:[m[K In function â€˜[01m[Kstd::vector<float> stander(cv::Mat)[m[Kâ€™:
[01m[K/home/ake/A.Ke/A.Ke_project/final_project/src/detect_final/src/main.cpp:28:23:[m[K [01;31m[Kerror: [m[Kâ€˜[01m[KcvSize[m[Kâ€™ was not declared in this scope
   28 |     HOGDescriptor hog([01;31m[KcvSize[m[K(48,48),cvSize(16,16),cvSize(8,8),cvSize(8,8),9,1,-1,
      |                       [01;31m[K^~~~~~[m[K
[01m[K/home/ake/A.Ke/A.Ke_project/final_project/src/detect_final/src/main.cpp:[m[K In function â€˜[01m[Kdouble TemplateMatch(cv::Mat, cv::Mat, cv::Point&, int)[m[Kâ€™:
[01m[K/home/ake/A.Ke/A.Ke_project/final_project/src/detect_final/src/main.cpp:130:10:[m[K [01;31m[Kerror: [m[Kâ€˜[01m[KCV_TM_SQDIFF[m[Kâ€™ was not declared in this scope
  130 |     case [01;31m[KCV_TM_SQDIFF[m[K:
      |          [01;31m[K^~~~~~~~~~~~[m[K
[01m[K/home/ake/A.Ke/A.Ke_project/final_project/src/detect_final/src/main.cpp:131:10:[m[K [01;31m[Kerror: [m[Kâ€˜[01m[KCV_TM_SQDIFF_NORMED[m[Kâ€™ was not declared in this scope
  131 |     case [01;31m[KCV_TM_SQDIFF_NORMED[m[K:
      |          [01;31m[K^~~~~~~~~~~~~~~~~~~[m[K
[01m[K/home/ake/A.Ke/A.Ke_project/final_project/src/detect_final/src/main.cpp:[m[K In function â€˜[01m[Kint main(int, char**)[m[Kâ€™:
[01m[K/home/ake/A.Ke/A.Ke_project/final_project/src/detect_final/src/main.cpp:231:47:[m[K [01;31m[Kerror: [m[Kâ€˜[01m[KCV_THRESH_BINARY[m[Kâ€™ was not declared in this scope
  231 |         threshold(midImage2,midImage2,100,255,[01;31m[KCV_THRESH_BINARY[m[K);
      |                                               [01;31m[K^~~~~~~~~~~~~~~~[m[K
[01m[K/home/ake/A.Ke/A.Ke_project/final_project/src/detect_final/src/main.cpp:249:53:[m[K [01;31m[Kerror: [m[Kâ€˜[01m[KCV_RETR_TREE[m[Kâ€™ was not declared in this scope
  249 |         findContours(midImage2,contours2,hierarchy2,[01;31m[KCV_RETR_TREE[m[K,CHAIN_APPROX_SIMPLE);
      |                                                     [01;31m[K^~~~~~~~~~~~[m[K
[01m[K/home/ake/A.Ke/A.Ke_project/final_project/src/detect_final/src/main.cpp:340:73:[m[K [01;31m[Kerror: [m[Kâ€˜[01m[KCV_TM_CCOEFF_NORMED[m[Kâ€™ was not declared in this scope
  340 |                         value = TemplateMatch(tmp1, templ[j], matchLoc, [01;31m[KCV_TM_CCOEFF_NORMED[m[K);
      |                                                                         [01;31m[K^~~~~~~~~~~~~~~~~~~[m[K
[01m[K/home/ake/A.Ke/A.Ke_project/final_project/src/detect_final/src/main.cpp:345:73:[m[K [01;31m[Kerror: [m[Kâ€˜[01m[KCV_TM_CCOEFF_NORMED[m[Kâ€™ was not declared in this scope
  345 |                         value = TemplateMatch(tmp1, templ[j], matchLoc, [01;31m[KCV_TM_CCOEFF_NORMED[m[K);
      |                                                                         [01;31m[K^~~~~~~~~~~~~~~~~~~[m[K
[01m[K/home/ake/A.Ke/A.Ke_project/final_project/src/detect_final/src/main.cpp:428:33:[m[K [01;31m[Kerror: [m[Kâ€˜[01m[KCircleInfo2[m[Kâ€™ was not declared in this scope
  428 |                                 [01;31m[KCircleInfo2[m[K(cirV,cc,R);
      |                                 [01;31m[K^~~~~~~~~~~[m[K
[01m[K/home/ake/A.Ke/A.Ke_project/final_project/src/detect_final/src/main.cpp:153:14:[m[K [01;35m[Kwarning: [m[Kunused parameter â€˜[01m[Kargc[m[Kâ€™ [[01;35m[K]8;;https://gcc.gnu.org/onlinedocs/gcc/Warning-Options.html#index-Wunused-parameter-Wunused-parameter]8;;[m[K]
  153 | int main([01;35m[Kint argc[m[K, char *argv[])
      |          [01;35m[K~~~~^~~~[m[K
[01m[K/home/ake/A.Ke/A.Ke_project/final_project/src/detect_final/src/main.cpp:153:26:[m[K [01;35m[Kwarning: [m[Kunused parameter â€˜[01m[Kargv[m[Kâ€™ [[01;35m[K]8;;https://gcc.gnu.org/onlinedocs/gcc/Warning-Options.html#index-Wunused-parameter-Wunused-parameter]8;;[m[K]
  153 | int main(int argc, [01;35m[Kchar *argv[][m[K)
      |                    [01;35m[K~~~~~~^~~~~~[m[K
gmake[2]: *** [CMakeFiles/detect_final.dir/build.make:76ï¼šCMakeFiles/detect_final.dir/src/main.cpp.o] é”™è¯¯ 1
gmake[1]: *** [CMakeFiles/Makefile2:137ï¼šCMakeFiles/detect_final.dir/all] é”™è¯¯ 2
gmake: *** [Makefile:146ï¼šall] é”™è¯¯ 2
