-- The C compiler identification is GNU 11.4.0
-- The CXX compiler identification is GNU 11.4.0
-- Detecting C compiler ABI info
-- Detecting C compiler ABI info - done
-- Check for working C compiler: /usr/bin/cc - skipped
-- Detecting C compile features
-- Detecting C compile features - done
-- Detecting CXX compiler ABI info
-- Detecting CXX compiler ABI info - done
-- Check for working CXX compiler: /usr/bin/c++ - skipped
-- Detecting CXX compile features
-- Detecting CXX compile features - done
-- Found ament_cmake: 1.3.10 (/opt/ros/humble/share/ament_cmake/cmake)
-- Found Python3: /home/ake/miniconda3/bin/python3 (found version "3.12.4") found components: Interpreter 
-- Found rclcpp: 16.0.10 (/opt/ros/humble/share/rclcpp/cmake)
-- Found rosidl_generator_c: 3.1.5 (/opt/ros/humble/share/rosidl_generator_c/cmake)
-- Found rosidl_adapter: 3.1.5 (/opt/ros/humble/share/rosidl_adapter/cmake)
-- Found rosidl_generator_cpp: 3.1.5 (/opt/ros/humble/share/rosidl_generator_cpp/cmake)
-- Using all available rosidl_typesupport_c: rosidl_typesupport_fastrtps_c;rosidl_typesupport_introspection_c
-- Using all available rosidl_typesupport_cpp: rosidl_typesupport_fastrtps_cpp;rosidl_typesupport_introspection_cpp
-- Found rmw_implementation_cmake: 6.1.2 (/opt/ros/humble/share/rmw_implementation_cmake/cmake)
-- Found rmw_fastrtps_cpp: 6.2.7 (/opt/ros/humble/share/rmw_fastrtps_cpp/cmake)
-- Found OpenSSL: /usr/lib/x86_64-linux-gnu/libcrypto.so (found version "3.0.2")  
-- Found FastRTPS: /opt/ros/humble/include  
-- Using RMW implementation 'rmw_fastrtps_cpp' as default
-- Looking for pthread.h
-- Looking for pthread.h - found
-- Performing Test CMAKE_HAVE_LIBC_PTHREAD
-- Performing Test CMAKE_HAVE_LIBC_PTHREAD - Success
-- Found Threads: TRUE  
-- Found OpenCV: /usr/local (found version "4.10.0") 
-- Found ament_lint_auto: 0.12.11 (/opt/ros/humble/share/ament_lint_auto/cmake)
-- Added test 'cppcheck' to perform static code analysis on C / C++ code
-- Configured cppcheck include dirs: 
-- Configured cppcheck exclude dirs and/or files: 
-- Added test 'lint_cmake' to check CMake code style
-- Added test 'uncrustify' to check C / C++ code style
-- Configured uncrustify additional arguments: 
-- Added test 'xmllint' to check XML markup files
-- Configuring done
-- Generating done
-- Build files have been written to: /home/ake/A.Ke/A.Ke_project/final_project/src/detect_final/build/detect_final
[ 50%] [32mBuilding CXX object CMakeFiles/detect_final.dir/src/main.cpp.o[0m
[01m[K/home/ake/A.Ke/A.Ke_project/final_project/src/detect_final/src/main.cpp:[m[K In function â€˜[01m[Kstd::vector<float> stander(cv::Mat)[m[Kâ€™:
[01m[K/home/ake/A.Ke/A.Ke_project/final_project/src/detect_final/src/main.cpp:28:23:[m[K [01;31m[Kerror: [m[Kâ€˜[01m[KcvSize[m[Kâ€™ was not declared in this scope
   28 |     HOGDescriptor hog([01;31m[KcvSize[m[K(48,48),cvSize(16,16),cvSize(8,8),cvSize(8,8),9,1,-1,
      |                       [01;31m[K^~~~~~[m[K
[01m[K/home/ake/A.Ke/A.Ke_project/final_project/src/detect_final/src/main.cpp:[m[K In function â€˜[01m[Kdouble TemplateMatch(cv::Mat, cv::Mat, cv::Point&, int)[m[Kâ€™:
[01m[K/home/ake/A.Ke/A.Ke_project/final_project/src/detect_final/src/main.cpp:130:10:[m[K [01;31m[Kerror: [m[Kâ€˜[01m[KCV_TM_SQDIFF[m[Kâ€™ was not declared in this scope
  130 |     case [01;31m[KCV_TM_SQDIFF[m[K:
      |          [01;31m[K^~~~~~~~~~~~[m[K
[01m[K/home/ake/A.Ke/A.Ke_project/final_project/src/detect_final/src/main.cpp:131:10:[m[K [01;31m[Kerror: [m[Kâ€˜[01m[KCV_TM_SQDIFF_NORMED[m[Kâ€™ was not declared in this scope
  131 |     case [01;31m[KCV_TM_SQDIFF_NORMED[m[K:
      |          [01;31m[K^~~~~~~~~~~~~~~~~~~[m[K
[01m[K/home/ake/A.Ke/A.Ke_project/final_project/src/detect_final/src/main.cpp:[m[K In function â€˜[01m[Kint main(int, char**)[m[Kâ€™:
[01m[K/home/ake/A.Ke/A.Ke_project/final_project/src/detect_final/src/main.cpp:231:47:[m[K [01;31m[Kerror: [m[Kâ€˜[01m[KCV_THRESH_BINARY[m[Kâ€™ was not declared in this scope
  231 |         threshold(midImage2,midImage2,100,255,[01;31m[KCV_THRESH_BINARY[m[K);
      |                                               [01;31m[K^~~~~~~~~~~~~~~~[m[K
[01m[K/home/ake/A.Ke/A.Ke_project/final_project/src/detect_final/src/main.cpp:249:53:[m[K [01;31m[Kerror: [m[Kâ€˜[01m[KCV_RETR_TREE[m[Kâ€™ was not declared in this scope
  249 |         findContours(midImage2,contours2,hierarchy2,[01;31m[KCV_RETR_TREE[m[K,CHAIN_APPROX_SIMPLE);
      |                                                     [01;31m[K^~~~~~~~~~~~[m[K
[01m[K/home/ake/A.Ke/A.Ke_project/final_project/src/detect_final/src/main.cpp:340:73:[m[K [01;31m[Kerror: [m[Kâ€˜[01m[KCV_TM_CCOEFF_NORMED[m[Kâ€™ was not declared in this scope
  340 |                         value = TemplateMatch(tmp1, templ[j], matchLoc, [01;31m[KCV_TM_CCOEFF_NORMED[m[K);
      |                                                                         [01;31m[K^~~~~~~~~~~~~~~~~~~[m[K
[01m[K/home/ake/A.Ke/A.Ke_project/final_project/src/detect_final/src/main.cpp:345:73:[m[K [01;31m[Kerror: [m[Kâ€˜[01m[KCV_TM_CCOEFF_NORMED[m[Kâ€™ was not declared in this scope
  345 |                         value = TemplateMatch(tmp1, templ[j], matchLoc, [01;31m[KCV_TM_CCOEFF_NORMED[m[K);
      |                                                                         [01;31m[K^~~~~~~~~~~~~~~~~~~[m[K
[01m[K/home/ake/A.Ke/A.Ke_project/final_project/src/detect_final/src/main.cpp:428:33:[m[K [01;31m[Kerror: [m[Kâ€˜[01m[KCircleInfo2[m[Kâ€™ was not declared in this scope
  428 |                                 [01;31m[KCircleInfo2[m[K(cirV,cc,R);
      |                                 [01;31m[K^~~~~~~~~~~[m[K
[01m[K/home/ake/A.Ke/A.Ke_project/final_project/src/detect_final/src/main.cpp:153:14:[m[K [01;35m[Kwarning: [m[Kunused parameter â€˜[01m[Kargc[m[Kâ€™ [[01;35m[K]8;;https://gcc.gnu.org/onlinedocs/gcc/Warning-Options.html#index-Wunused-parameter-Wunused-parameter]8;;[m[K]
  153 | int main([01;35m[Kint argc[m[K, char *argv[])
      |          [01;35m[K~~~~^~~~[m[K
[01m[K/home/ake/A.Ke/A.Ke_project/final_project/src/detect_final/src/main.cpp:153:26:[m[K [01;35m[Kwarning: [m[Kunused parameter â€˜[01m[Kargv[m[Kâ€™ [[01;35m[K]8;;https://gcc.gnu.org/onlinedocs/gcc/Warning-Options.html#index-Wunused-parameter-Wunused-parameter]8;;[m[K]
  153 | int main(int argc, [01;35m[Kchar *argv[][m[K)
      |                    [01;35m[K~~~~~~^~~~~~[m[K
gmake[2]: *** [CMakeFiles/detect_final.dir/build.make:76ï¼šCMakeFiles/detect_final.dir/src/main.cpp.o] é”™è¯¯ 1
gmake[1]: *** [CMakeFiles/Makefile2:137ï¼šCMakeFiles/detect_final.dir/all] é”™è¯¯ 2
gmake: *** [Makefile:146ï¼šall] é”™è¯¯ 2
