[0.165s] Invoking command in '/home/ake/A.Ke/A.Ke_project/final_project/src/detect_final/build/detect_final': CMAKE_PREFIX_PATH=/opt/ros/humble CONDA_PROMPT_MODIFIER=(base) /usr/bin/cmake /home/ake/A.Ke/A.Ke_project/final_project/src/detect_final -DCMAKE_INSTALL_PREFIX=/home/ake/A.Ke/A.Ke_project/final_project/src/detect_final/install/detect_final
[1.731s] -- The C compiler identification is GNU 11.4.0
[2.294s] -- The CXX compiler identification is GNU 11.4.0
[2.644s] -- Detecting C compiler ABI info
[2.969s] -- Detecting C compiler ABI info - done
[2.978s] -- Check for working C compiler: /usr/bin/cc - skipped
[2.979s] -- Detecting C compile features
[3.018s] -- Detecting C compile features - done
[3.043s] -- Detecting CXX compiler ABI info
[3.250s] -- Detecting CXX compiler ABI info - done
[3.258s] -- Check for working CXX compiler: /usr/bin/c++ - skipped
[3.258s] -- Detecting CXX compile features
[3.274s] -- Detecting CXX compile features - done
[3.438s] -- Found ament_cmake: 1.3.10 (/opt/ros/humble/share/ament_cmake/cmake)
[5.546s] -- Found Python3: /home/ake/miniconda3/bin/python3 (found version "3.12.4") found components: Interpreter 
[5.990s] -- Found rclcpp: 16.0.10 (/opt/ros/humble/share/rclcpp/cmake)
[6.421s] -- Found rosidl_generator_c: 3.1.5 (/opt/ros/humble/share/rosidl_generator_c/cmake)
[6.453s] -- Found rosidl_adapter: 3.1.5 (/opt/ros/humble/share/rosidl_adapter/cmake)
[6.502s] -- Found rosidl_generator_cpp: 3.1.5 (/opt/ros/humble/share/rosidl_generator_cpp/cmake)
[6.559s] -- Using all available rosidl_typesupport_c: rosidl_typesupport_fastrtps_c;rosidl_typesupport_introspection_c
[6.623s] -- Using all available rosidl_typesupport_cpp: rosidl_typesupport_fastrtps_cpp;rosidl_typesupport_introspection_cpp
[6.922s] -- Found rmw_implementation_cmake: 6.1.2 (/opt/ros/humble/share/rmw_implementation_cmake/cmake)
[6.929s] -- Found rmw_fastrtps_cpp: 6.2.7 (/opt/ros/humble/share/rmw_fastrtps_cpp/cmake)
[7.408s] -- Found OpenSSL: /usr/lib/x86_64-linux-gnu/libcrypto.so (found version "3.0.2")  
[7.458s] -- Found FastRTPS: /opt/ros/humble/include  
[7.533s] -- Using RMW implementation 'rmw_fastrtps_cpp' as default
[7.685s] -- Looking for pthread.h
[8.038s] -- Looking for pthread.h - found
[8.038s] -- Performing Test CMAKE_HAVE_LIBC_PTHREAD
[8.239s] -- Performing Test CMAKE_HAVE_LIBC_PTHREAD - Success
[8.239s] -- Found Threads: TRUE  
[8.767s] -- Found OpenCV: /usr/local (found version "4.10.0") 
[8.803s] -- Found ament_lint_auto: 0.12.11 (/opt/ros/humble/share/ament_lint_auto/cmake)
[9.609s] -- Added test 'cppcheck' to perform static code analysis on C / C++ code
[9.609s] -- Configured cppcheck include dirs: 
[9.610s] -- Configured cppcheck exclude dirs and/or files: 
[9.646s] -- Added test 'lint_cmake' to check CMake code style
[9.663s] -- Added test 'uncrustify' to check C / C++ code style
[9.663s] -- Configured uncrustify additional arguments: 
[9.699s] -- Added test 'xmllint' to check XML markup files
[9.714s] -- Configuring done
[9.782s] -- Generating done
[9.785s] -- Build files have been written to: /home/ake/A.Ke/A.Ke_project/final_project/src/detect_final/build/detect_final
[9.805s] Invoked command in '/home/ake/A.Ke/A.Ke_project/final_project/src/detect_final/build/detect_final' returned '0': CMAKE_PREFIX_PATH=/opt/ros/humble CONDA_PROMPT_MODIFIER=(base) /usr/bin/cmake /home/ake/A.Ke/A.Ke_project/final_project/src/detect_final -DCMAKE_INSTALL_PREFIX=/home/ake/A.Ke/A.Ke_project/final_project/src/detect_final/install/detect_final
[9.805s] Invoking command in '/home/ake/A.Ke/A.Ke_project/final_project/src/detect_final/build/detect_final': CMAKE_PREFIX_PATH=/opt/ros/humble CONDA_PROMPT_MODIFIER=(base) /usr/bin/cmake --build /home/ake/A.Ke/A.Ke_project/final_project/src/detect_final/build/detect_final -- -j2 -l2
[9.906s] [ 50%] [32mBuilding CXX object CMakeFiles/detect_final.dir/src/main.cpp.o[0m
[18.163s] [01m[K/home/ake/A.Ke/A.Ke_project/final_project/src/detect_final/src/main.cpp:[m[K In function â€˜[01m[Kstd::vector<float> stander(cv::Mat)[m[Kâ€™:
[18.164s] [01m[K/home/ake/A.Ke/A.Ke_project/final_project/src/detect_final/src/main.cpp:28:23:[m[K [01;31m[Kerror: [m[Kâ€˜[01m[KcvSize[m[Kâ€™ was not declared in this scope
[18.164s]    28 |     HOGDescriptor hog([01;31m[KcvSize[m[K(48,48),cvSize(16,16),cvSize(8,8),cvSize(8,8),9,1,-1,
[18.164s]       |                       [01;31m[K^~~~~~[m[K
[18.177s] [01m[K/home/ake/A.Ke/A.Ke_project/final_project/src/detect_final/src/main.cpp:[m[K In function â€˜[01m[Kdouble TemplateMatch(cv::Mat, cv::Mat, cv::Point&, int)[m[Kâ€™:
[18.177s] [01m[K/home/ake/A.Ke/A.Ke_project/final_project/src/detect_final/src/main.cpp:130:10:[m[K [01;31m[Kerror: [m[Kâ€˜[01m[KCV_TM_SQDIFF[m[Kâ€™ was not declared in this scope
[18.177s]   130 |     case [01;31m[KCV_TM_SQDIFF[m[K:
[18.177s]       |          [01;31m[K^~~~~~~~~~~~[m[K
[18.183s] [01m[K/home/ake/A.Ke/A.Ke_project/final_project/src/detect_final/src/main.cpp:131:10:[m[K [01;31m[Kerror: [m[Kâ€˜[01m[KCV_TM_SQDIFF_NORMED[m[Kâ€™ was not declared in this scope
[18.183s]   131 |     case [01;31m[KCV_TM_SQDIFF_NORMED[m[K:
[18.183s]       |          [01;31m[K^~~~~~~~~~~~~~~~~~~[m[K
[18.197s] [01m[K/home/ake/A.Ke/A.Ke_project/final_project/src/detect_final/src/main.cpp:[m[K In function â€˜[01m[Kint main(int, char**)[m[Kâ€™:
[18.197s] [01m[K/home/ake/A.Ke/A.Ke_project/final_project/src/detect_final/src/main.cpp:231:47:[m[K [01;31m[Kerror: [m[Kâ€˜[01m[KCV_THRESH_BINARY[m[Kâ€™ was not declared in this scope
[18.197s]   231 |         threshold(midImage2,midImage2,100,255,[01;31m[KCV_THRESH_BINARY[m[K);
[18.197s]       |                                               [01;31m[K^~~~~~~~~~~~~~~~[m[K
[18.210s] [01m[K/home/ake/A.Ke/A.Ke_project/final_project/src/detect_final/src/main.cpp:249:53:[m[K [01;31m[Kerror: [m[Kâ€˜[01m[KCV_RETR_TREE[m[Kâ€™ was not declared in this scope
[18.210s]   249 |         findContours(midImage2,contours2,hierarchy2,[01;31m[KCV_RETR_TREE[m[K,CHAIN_APPROX_SIMPLE);
[18.211s]       |                                                     [01;31m[K^~~~~~~~~~~~[m[K
[18.227s] [01m[K/home/ake/A.Ke/A.Ke_project/final_project/src/detect_final/src/main.cpp:340:73:[m[K [01;31m[Kerror: [m[Kâ€˜[01m[KCV_TM_CCOEFF_NORMED[m[Kâ€™ was not declared in this scope
[18.227s]   340 |                         value = TemplateMatch(tmp1, templ[j], matchLoc, [01;31m[KCV_TM_CCOEFF_NORMED[m[K);
[18.227s]       |                                                                         [01;31m[K^~~~~~~~~~~~~~~~~~~[m[K
[18.232s] [01m[K/home/ake/A.Ke/A.Ke_project/final_project/src/detect_final/src/main.cpp:345:73:[m[K [01;31m[Kerror: [m[Kâ€˜[01m[KCV_TM_CCOEFF_NORMED[m[Kâ€™ was not declared in this scope
[18.232s]   345 |                         value = TemplateMatch(tmp1, templ[j], matchLoc, [01;31m[KCV_TM_CCOEFF_NORMED[m[K);
[18.232s]       |                                                                         [01;31m[K^~~~~~~~~~~~~~~~~~~[m[K
[18.240s] [01m[K/home/ake/A.Ke/A.Ke_project/final_project/src/detect_final/src/main.cpp:428:33:[m[K [01;31m[Kerror: [m[Kâ€˜[01m[KCircleInfo2[m[Kâ€™ was not declared in this scope
[18.240s]   428 |                                 [01;31m[KCircleInfo2[m[K(cirV,cc,R);
[18.240s]       |                                 [01;31m[K^~~~~~~~~~~[m[K
[18.264s] [01m[K/home/ake/A.Ke/A.Ke_project/final_project/src/detect_final/src/main.cpp:153:14:[m[K [01;35m[Kwarning: [m[Kunused parameter â€˜[01m[Kargc[m[Kâ€™ [[01;35m[K]8;;https://gcc.gnu.org/onlinedocs/gcc/Warning-Options.html#index-Wunused-parameter-Wunused-parameter]8;;[m[K]
[18.264s]   153 | int main([01;35m[Kint argc[m[K, char *argv[])
[18.264s]       |          [01;35m[K~~~~^~~~[m[K
[18.264s] [01m[K/home/ake/A.Ke/A.Ke_project/final_project/src/detect_final/src/main.cpp:153:26:[m[K [01;35m[Kwarning: [m[Kunused parameter â€˜[01m[Kargv[m[Kâ€™ [[01;35m[K]8;;https://gcc.gnu.org/onlinedocs/gcc/Warning-Options.html#index-Wunused-parameter-Wunused-parameter]8;;[m[K]
[18.264s]   153 | int main(int argc, [01;35m[Kchar *argv[][m[K)
[18.264s]       |                    [01;35m[K~~~~~~^~~~~~[m[K
[19.928s] gmake[2]: *** [CMakeFiles/detect_final.dir/build.make:76ï¼šCMakeFiles/detect_final.dir/src/main.cpp.o] é”™è¯¯ 1
[19.928s] gmake[1]: *** [CMakeFiles/Makefile2:137ï¼šCMakeFiles/detect_final.dir/all] é”™è¯¯ 2
[19.928s] gmake: *** [Makefile:146ï¼šall] é”™è¯¯ 2
[19.937s] Invoked command in '/home/ake/A.Ke/A.Ke_project/final_project/src/detect_final/build/detect_final' returned '2': CMAKE_PREFIX_PATH=/opt/ros/humble CONDA_PROMPT_MODIFIER=(base) /usr/bin/cmake --build /home/ake/A.Ke/A.Ke_project/final_project/src/detect_final/build/detect_final -- -j2 -l2
