[0.026s] Invoking command in '/home/ake/A.Ke/A.Ke_project/final_project/src/detect_final/build/detect_final': CMAKE_PREFIX_PATH=/opt/ros/humble CONDA_PROMPT_MODIFIER=(base) /usr/bin/cmake --build /home/ake/A.Ke/A.Ke_project/final_project/src/detect_final/build/detect_final -- -j2 -l2
[0.246s] [35m[1mConsolidate compiler generated dependencies of target detect_final[0m
[0.283s] [ 50%] [32mBuilding CXX object CMakeFiles/detect_final.dir/src/main.cpp.o[0m
[5.150s] [01m[K/home/ake/A.Ke/A.Ke_project/final_project/src/detect_final/src/main.cpp:[m[K In function â€˜[01m[Kint main(int, char**)[m[Kâ€™:
[5.150s] [01m[K/home/ake/A.Ke/A.Ke_project/final_project/src/detect_final/src/main.cpp:428:33:[m[K [01;31m[Kerror: [m[Kâ€˜[01m[KCircleInfo2[m[Kâ€™ was not declared in this scope
[5.150s]   428 |                                 [01;31m[KCircleInfo2[m[K(cirV,cc,R);
[5.151s]       |                                 [01;31m[K^~~~~~~~~~~[m[K
[5.157s] [01m[K/home/ake/A.Ke/A.Ke_project/final_project/src/detect_final/src/main.cpp:153:14:[m[K [01;35m[Kwarning: [m[Kunused parameter â€˜[01m[Kargc[m[Kâ€™ [[01;35m[K]8;;https://gcc.gnu.org/onlinedocs/gcc/Warning-Options.html#index-Wunused-parameter-Wunused-parameter]8;;[m[K]
[5.157s]   153 | int main([01;35m[Kint argc[m[K, char *argv[])
[5.157s]       |          [01;35m[K~~~~^~~~[m[K
[5.157s] [01m[K/home/ake/A.Ke/A.Ke_project/final_project/src/detect_final/src/main.cpp:153:26:[m[K [01;35m[Kwarning: [m[Kunused parameter â€˜[01m[Kargv[m[Kâ€™ [[01;35m[K]8;;https://gcc.gnu.org/onlinedocs/gcc/Warning-Options.html#index-Wunused-parameter-Wunused-parameter]8;;[m[K]
[5.158s]   153 | int main(int argc, [01;35m[Kchar *argv[][m[K)
[5.158s]       |                    [01;35m[K~~~~~~^~~~~~[m[K
[6.380s] gmake[2]: *** [CMakeFiles/detect_final.dir/build.make:76ï¼šCMakeFiles/detect_final.dir/src/main.cpp.o] é”™è¯¯ 1
[6.382s] gmake[1]: *** [CMakeFiles/Makefile2:137ï¼šCMakeFiles/detect_final.dir/all] é”™è¯¯ 2
[6.382s] gmake: *** [Makefile:146ï¼šall] é”™è¯¯ 2
[6.385s] Invoked command in '/home/ake/A.Ke/A.Ke_project/final_project/src/detect_final/build/detect_final' returned '2': CMAKE_PREFIX_PATH=/opt/ros/humble CONDA_PROMPT_MODIFIER=(base) /usr/bin/cmake --build /home/ake/A.Ke/A.Ke_project/final_project/src/detect_final/build/detect_final -- -j2 -l2
