[01m[K/home/ake/A.Ke/A.Ke_project/final_project/src/detect_final/src/yolo_pose_video.cpp:[m[K In function ‘[01m[Kint main(int, char**)[m[K’:
[01m[K/home/ake/A.Ke/A.Ke_project/final_project/src/detect_final/src/yolo_pose_video.cpp:40:32:[m[K [01;31m[Kerror: [m[Krequest for member ‘[01m[Ksize[m[K’ in ‘[01m[Kdetections[m[K’, which is of non-class type ‘[01m[Kint[m[K’
   40 |         {
      |                                [01;31m[K^[m[K   
[01m[K/home/ake/A.Ke/A.Ke_project/final_project/src/detect_final/src/yolo_pose_video.cpp:42:37:[m[K [01;31m[Kerror: [m[Kinvalid types ‘[01m[Kint[int][m[K’ for array subscript
   42 |             cv::Rect box = detection[01;31m[K.[m[Kbox;
      |                                     [01;31m[K^[m[K
[01m[K/home/ake/A.Ke/A.Ke_project/final_project/src/detect_final/src/yolo_pose_video.cpp:8:14:[m[K [01;35m[Kwarning: [m[Kunused parameter ‘[01m[Kargc[m[K’ [[01;35m[K]8;;https://gcc.gnu.org/onlinedocs/gcc/Warning-Options.html#index-Wunused-parameter-Wunused-parameter]8;;[m[K]
    8 | int main([01;35m[Kint argc[m[K, char **argv)
      |          [01;35m[K~~~~^~~~[m[K
[01m[K/home/ake/A.Ke/A.Ke_project/final_project/src/detect_final/src/yolo_pose_video.cpp:8:27:[m[K [01;35m[Kwarning: [m[Kunused parameter ‘[01m[Kargv[m[K’ [[01;35m[K]8;;https://gcc.gnu.org/onlinedocs/gcc/Warning-Options.html#index-Wunused-parameter-Wunused-parameter]8;;[m[K]
    8 | int main(int argc, [01;35m[Kchar **argv[m[K)
      |                    [01;35m[K~~~~~~~^~~~[m[K
gmake[2]: *** [CMakeFiles/detect_final.dir/build.make:104: CMakeFiles/detect_final.dir/src/inference.cpp.o] 中断
gmake[2]: *** wait: 没有子进程。 停止。
gmake[2]: *** 正在等待未完成的任务....
gmake[2]: *** wait: 没有子进程。 停止。
gmake[1]: *** [CMakeFiles/Makefile2:137：CMakeFiles/detect_final.dir/all] 错误 2
gmake: *** [Makefile:146: all] 中断
