[35m[1mConsolidate compiler generated dependencies of target detector_learn[0m
[ 50%] [32mBuilding CXX object CMakeFiles/detector_learn.dir/src/detector_learn.cpp.o[0m
[01m[K/home/ake/A.Ke/A.Ke_project/detector_opencv/src/detector_learn/src/detector_learn.cpp:[m[K In member function â€˜[01m[Kvoid ArmorDetector::detect_armor(cv::Mat&)[m[Kâ€™:
[01m[K/home/ake/A.Ke/A.Ke_project/detector_opencv/src/detector_learn/src/detector_learn.cpp:76:23:[m[K [01;31m[Kerror: [m[Kâ€˜[01m[KcontoursImage[m[Kâ€™ was not declared in this scope
   76 |         cv::rectangle([01;31m[KcontoursImage[m[K, rect, cv::Scalar(0, 0, 255), 2);
      |                       [01;31m[K^~~~~~~~~~~~~[m[K
[01m[K/home/ake/A.Ke/A.Ke_project/detector_opencv/src/detector_learn/src/detector_learn.cpp:84:23:[m[K [01;31m[Kerror: [m[Kâ€˜[01m[KcontoursImage[m[Kâ€™ was not declared in this scope
   84 |         cv::rectangle([01;31m[KcontoursImage[m[K, rect, cv::Scalar(255, 0, 0), 2);
      |                       [01;31m[K^~~~~~~~~~~~~[m[K
[01m[K/home/ake/A.Ke/A.Ke_project/detector_opencv/src/detector_learn/src/detector_learn.cpp:89:26:[m[K [01;31m[Kerror: [m[Kâ€˜[01m[KcontoursImage[m[Kâ€™ was not declared in this scope
   89 | cv::imshow("Rectangles", [01;31m[KcontoursImage[m[K);
      |                          [01;31m[K^~~~~~~~~~~~~[m[K
gmake[2]: *** [CMakeFiles/detector_learn.dir/build.make:76ï¼šCMakeFiles/detector_learn.dir/src/detector_learn.cpp.o] é”™è¯¯ 1
gmake[1]: *** [CMakeFiles/Makefile2:137ï¼šCMakeFiles/detector_learn.dir/all] é”™è¯¯ 2
gmake: *** [Makefile:146ï¼šall] é”™è¯¯ 2
