[0.023s] Invoking command in '/home/ake/A.Ke/A.Ke_project/detector_opencv/src/detector_learn/build/detector_learn': CMAKE_PREFIX_PATH=${CMAKE_PREFIX_PATH}:/opt/ros/humble /usr/bin/cmake --build /home/ake/A.Ke/A.Ke_project/detector_opencv/src/detector_learn/build/detector_learn -- -j2 -l2
[0.127s] [35m[1mConsolidate compiler generated dependencies of target detector_learn[0m
[0.180s] [ 50%] [32mBuilding CXX object CMakeFiles/detector_learn.dir/src/detector_learn.cpp.o[0m
[4.919s] [01m[K/home/ake/A.Ke/A.Ke_project/detector_opencv/src/detector_learn/src/detector_learn.cpp:[m[K In member function â€˜[01m[Kvoid ArmorDetector::detect_armor(cv::Mat&)[m[Kâ€™:
[4.920s] [01m[K/home/ake/A.Ke/A.Ke_project/detector_opencv/src/detector_learn/src/detector_learn.cpp:76:23:[m[K [01;31m[Kerror: [m[Kâ€˜[01m[KcontoursImage[m[Kâ€™ was not declared in this scope
[4.920s]    76 |         cv::rectangle([01;31m[KcontoursImage[m[K, rect, cv::Scalar(0, 0, 255), 2);
[4.920s]       |                       [01;31m[K^~~~~~~~~~~~~[m[K
[4.933s] [01m[K/home/ake/A.Ke/A.Ke_project/detector_opencv/src/detector_learn/src/detector_learn.cpp:84:23:[m[K [01;31m[Kerror: [m[Kâ€˜[01m[KcontoursImage[m[Kâ€™ was not declared in this scope
[4.934s]    84 |         cv::rectangle([01;31m[KcontoursImage[m[K, rect, cv::Scalar(255, 0, 0), 2);
[4.935s]       |                       [01;31m[K^~~~~~~~~~~~~[m[K
[4.946s] [01m[K/home/ake/A.Ke/A.Ke_project/detector_opencv/src/detector_learn/src/detector_learn.cpp:89:26:[m[K [01;31m[Kerror: [m[Kâ€˜[01m[KcontoursImage[m[Kâ€™ was not declared in this scope
[4.946s]    89 | cv::imshow("Rectangles", [01;31m[KcontoursImage[m[K);
[4.946s]       |                          [01;31m[K^~~~~~~~~~~~~[m[K
[6.136s] gmake[2]: *** [CMakeFiles/detector_learn.dir/build.make:76ï¼šCMakeFiles/detector_learn.dir/src/detector_learn.cpp.o] é”™è¯¯ 1
[6.137s] gmake[1]: *** [CMakeFiles/Makefile2:137ï¼šCMakeFiles/detector_learn.dir/all] é”™è¯¯ 2
[6.138s] gmake: *** [Makefile:146ï¼šall] é”™è¯¯ 2
[6.142s] Invoked command in '/home/ake/A.Ke/A.Ke_project/detector_opencv/src/detector_learn/build/detector_learn' returned '2': CMAKE_PREFIX_PATH=${CMAKE_PREFIX_PATH}:/opt/ros/humble /usr/bin/cmake --build /home/ake/A.Ke/A.Ke_project/detector_opencv/src/detector_learn/build/detector_learn -- -j2 -l2
