[0.012s] Invoking command in '/home/ake/A.Ke/A.Ke_project/final_project/src/detect_final/build/detect_final': CMAKE_PREFIX_PATH=/opt/ros/humble CONDA_PROMPT_MODIFIER=(base) /usr/bin/cmake --build /home/ake/A.Ke/A.Ke_project/final_project/src/detect_final/build/detect_final -- -j2 -l2
[0.116s] [35m[1mConsolidate compiler generated dependencies of target detect_final[0m
[0.169s] [ 25%] [32mBuilding CXX object CMakeFiles/detect_final.dir/src/yolo_pose_video.cpp.o[0m
[0.177s] [ 50%] [32mBuilding CXX object CMakeFiles/detect_final.dir/src/inference.cpp.o[0m
[3.520s] [01m[K/home/ake/A.Ke/A.Ke_project/final_project/src/detect_final/src/inference.cpp:15:1:[m[K [01;31m[Kerror: [m[Kexpected unqualified-id before â€˜[01m[K{[m[Kâ€™ token
[3.520s]    15 | [01;31m[K{[m[K
[3.521s]       | [01;31m[K^[m[K
[3.646s] [01m[K/home/ake/A.Ke/A.Ke_project/final_project/src/detect_final/src/yolo_pose_video.cpp:[m[K In function â€˜[01m[Kint main(int, char**)[m[Kâ€™:
[3.646s] [01m[K/home/ake/A.Ke/A.Ke_project/final_project/src/detect_final/src/yolo_pose_video.cpp:40:32:[m[K [01;31m[Kerror: [m[Krequest for member â€˜[01m[Ksize[m[Kâ€™ in â€˜[01m[Kdetections[m[Kâ€™, which is of non-class type â€˜[01m[Kint[m[Kâ€™
[3.646s]    40 | for (int i = 0; i < detections.[01;31m[Ksize[m[K(); ++i)
[3.646s]       |                                [01;31m[K^~~~[m[K
[3.646s] [01m[K/home/ake/A.Ke/A.Ke_project/final_project/src/detect_final/src/yolo_pose_video.cpp:42:37:[m[K [01;31m[Kerror: [m[Kinvalid types â€˜[01m[Kint[int][m[Kâ€™ for array subscript
[3.646s]    42 |     Detection detection = detections[01;31m[K[[m[Ki];
[3.646s]       |                                     [01;31m[K^[m[K
[3.652s] [01m[K/home/ake/A.Ke/A.Ke_project/final_project/src/detect_final/src/yolo_pose_video.cpp:8:14:[m[K [01;35m[Kwarning: [m[Kunused parameter â€˜[01m[Kargc[m[Kâ€™ [[01;35m[K]8;;https://gcc.gnu.org/onlinedocs/gcc/Warning-Options.html#index-Wunused-parameter-Wunused-parameter]8;;[m[K]
[3.654s]     8 | int main([01;35m[Kint argc[m[K, char **argv)
[3.654s]       |          [01;35m[K~~~~^~~~[m[K
[3.654s] [01m[K/home/ake/A.Ke/A.Ke_project/final_project/src/detect_final/src/yolo_pose_video.cpp:8:27:[m[K [01;35m[Kwarning: [m[Kunused parameter â€˜[01m[Kargv[m[Kâ€™ [[01;35m[K]8;;https://gcc.gnu.org/onlinedocs/gcc/Warning-Options.html#index-Wunused-parameter-Wunused-parameter]8;;[m[K]
[3.654s]     8 | int main(int argc, [01;35m[Kchar **argv[m[K)
[3.654s]       |                    [01;35m[K~~~~~~~^~~~[m[K
[4.974s] gmake[2]: *** [CMakeFiles/detect_final.dir/build.make:90ï¼šCMakeFiles/detect_final.dir/src/yolo_pose_video.cpp.o] é”™è¯¯ 1
[4.975s] gmake[2]: *** æ­£åœ¨ç­‰å¾…æœªå®Œæˆçš„ä»»åŠ¡....
[5.026s] gmake[2]: *** [CMakeFiles/detect_final.dir/build.make:104ï¼šCMakeFiles/detect_final.dir/src/inference.cpp.o] é”™è¯¯ 1
[5.026s] gmake[1]: *** [CMakeFiles/Makefile2:137ï¼šCMakeFiles/detect_final.dir/all] é”™è¯¯ 2
[5.030s] gmake: *** [Makefile:146ï¼šall] é”™è¯¯ 2
[5.039s] Invoked command in '/home/ake/A.Ke/A.Ke_project/final_project/src/detect_final/build/detect_final' returned '2': CMAKE_PREFIX_PATH=/opt/ros/humble CONDA_PROMPT_MODIFIER=(base) /usr/bin/cmake --build /home/ake/A.Ke/A.Ke_project/final_project/src/detect_final/build/detect_final -- -j2 -l2
