[01m[K/home/ake/A.Ke/A.Ke_project/cam_PnP/src/pnp_learn/src/pnp_learn.cpp:[m[K In member function â€˜[01m[Kvoid RobotPoseNode::calculatePose()[m[Kâ€™:
[01m[K/home/ake/A.Ke/A.Ke_project/cam_PnP/src/pnp_learn/src/pnp_learn.cpp:72:13:[m[K [01;31m[Kerror: [m[Kexpected â€˜[01m[K,[m[Kâ€™ or â€˜[01m[K;[m[Kâ€™ before â€˜[01m[Kstd[m[Kâ€™
   72 |             [01;31m[Kstd[m[K::cout << "æœºå™¨äººè·ç¦»æ‘„åƒå¤´çš„è·ç¦»: " << distance << " ç±³" << std::endl;
      |             [01;31m[K^~~[m[K
[01m[K/home/ake/A.Ke/A.Ke_project/cam_PnP/src/pnp_learn/src/pnp_learn.cpp:71:20:[m[K [01;35m[Kwarning: [m[Kunused variable â€˜[01m[Kdistance[m[Kâ€™ [[01;35m[K]8;;https://gcc.gnu.org/onlinedocs/gcc/Warning-Options.html#index-Wunused-variable-Wunused-variable]8;;[m[K]
   71 |             double [01;35m[Kdistance[m[K = cv::norm(tvec) /// 100.0;  // è½¬æ¢ä¸ºç±³
      |                    [01;35m[K^~~~~~~~[m[K
gmake[2]: *** [CMakeFiles/pnp_learn.dir/build.make:76ï¼šCMakeFiles/pnp_learn.dir/src/pnp_learn.cpp.o] é”™è¯¯ 1
gmake[1]: *** [CMakeFiles/Makefile2:137ï¼šCMakeFiles/pnp_learn.dir/all] é”™è¯¯ 2
gmake: *** [Makefile:146ï¼šall] é”™è¯¯ 2
