[0.043s] Invoking command in '/home/ake/A.Ke/A.Ke_project/cam_PnP/src/pnp_learn/build/pnp_learn': CMAKE_PREFIX_PATH=${CMAKE_PREFIX_PATH}:/opt/ros/humble CONDA_PROMPT_MODIFIER=(base) /usr/bin/cmake --build /home/ake/A.Ke/A.Ke_project/cam_PnP/src/pnp_learn/build/pnp_learn -- -j2 -l2
[0.154s] [35m[1mConsolidate compiler generated dependencies of target pnp_learn[0m
[0.266s] [ 50%] [32mBuilding CXX object CMakeFiles/pnp_learn.dir/src/pnp_learn.cpp.o[0m
[5.430s] [01m[K/home/ake/A.Ke/A.Ke_project/cam_PnP/src/pnp_learn/src/pnp_learn.cpp:[m[K In member function â€˜[01m[Kvoid RobotPoseNode::calculatePose()[m[Kâ€™:
[5.430s] [01m[K/home/ake/A.Ke/A.Ke_project/cam_PnP/src/pnp_learn/src/pnp_learn.cpp:72:13:[m[K [01;31m[Kerror: [m[Kexpected â€˜[01m[K,[m[Kâ€™ or â€˜[01m[K;[m[Kâ€™ before â€˜[01m[Kstd[m[Kâ€™
[5.430s]    72 |             [01;31m[Kstd[m[K::cout << "æœºå™¨äººè·ç¦»æ‘„åƒå¤´çš„è·ç¦»: " << distance << " ç±³" << std::endl;
[5.430s]       |             [01;31m[K^~~[m[K
[5.444s] [01m[K/home/ake/A.Ke/A.Ke_project/cam_PnP/src/pnp_learn/src/pnp_learn.cpp:71:20:[m[K [01;35m[Kwarning: [m[Kunused variable â€˜[01m[Kdistance[m[Kâ€™ [[01;35m[K]8;;https://gcc.gnu.org/onlinedocs/gcc/Warning-Options.html#index-Wunused-variable-Wunused-variable]8;;[m[K]
[5.444s]    71 |             double [01;35m[Kdistance[m[K = cv::norm(tvec) /// 100.0;  // è½¬æ¢ä¸ºç±³
[5.444s]       |                    [01;35m[K^~~~~~~~[m[K
[6.935s] gmake[2]: *** [CMakeFiles/pnp_learn.dir/build.make:76ï¼šCMakeFiles/pnp_learn.dir/src/pnp_learn.cpp.o] é”™è¯¯ 1
[6.936s] gmake[1]: *** [CMakeFiles/Makefile2:137ï¼šCMakeFiles/pnp_learn.dir/all] é”™è¯¯ 2
[6.937s] gmake: *** [Makefile:146ï¼šall] é”™è¯¯ 2
[6.943s] Invoked command in '/home/ake/A.Ke/A.Ke_project/cam_PnP/src/pnp_learn/build/pnp_learn' returned '2': CMAKE_PREFIX_PATH=${CMAKE_PREFIX_PATH}:/opt/ros/humble CONDA_PROMPT_MODIFIER=(base) /usr/bin/cmake --build /home/ake/A.Ke/A.Ke_project/cam_PnP/src/pnp_learn/build/pnp_learn -- -j2 -l2
