[01m[K/home/ake/A.Ke/A.Ke_project/detector_opencv/src/detector_learn/src/detector_learn.cpp:[m[K In member function â€˜[01m[Kvoid ArmorDetector::detect_armor(cv::Mat&)[m[Kâ€™:
[01m[K/home/ake/A.Ke/A.Ke_project/detector_opencv/src/detector_learn/src/detector_learn.cpp:91:1:[m[K [01;31m[Kerror: [m[Kâ€˜[01m[Ks[m[Kâ€™ was not declared in this scope
   91 | [01;31m[Ks[m[K
      | [01;31m[K^[m[K
gmake[2]: *** [CMakeFiles/detector_learn.dir/build.make:76ï¼šCMakeFiles/detector_learn.dir/src/detector_learn.cpp.o] é”™è¯¯ 1
gmake[1]: *** [CMakeFiles/Makefile2:137ï¼šCMakeFiles/detector_learn.dir/all] é”™è¯¯ 2
gmake: *** [Makefile:146ï¼šall] é”™è¯¯ 2
