[0.022s] Invoking command in '/home/ake/A.Ke/A.Ke_project/detector_opencv/src/detector_learn/build/detector_learn': CMAKE_PREFIX_PATH=${CMAKE_PREFIX_PATH}:/opt/ros/humble /usr/bin/cmake --build /home/ake/A.Ke/A.Ke_project/detector_opencv/src/detector_learn/build/detector_learn -- -j2 -l2
[0.098s] [35m[1mConsolidate compiler generated dependencies of target detector_learn[0m
[0.150s] [ 50%] [32mBuilding CXX object CMakeFiles/detector_learn.dir/src/detector_learn.cpp.o[0m
[4.727s] [01m[K/home/ake/A.Ke/A.Ke_project/detector_opencv/src/detector_learn/src/detector_learn.cpp:[m[K In member function â€˜[01m[Kvoid ArmorDetector::detect_armor(cv::Mat&)[m[Kâ€™:
[4.727s] [01m[K/home/ake/A.Ke/A.Ke_project/detector_opencv/src/detector_learn/src/detector_learn.cpp:91:1:[m[K [01;31m[Kerror: [m[Kâ€˜[01m[Ks[m[Kâ€™ was not declared in this scope
[4.729s]    91 | [01;31m[Ks[m[K
[4.729s]       | [01;31m[K^[m[K
[5.895s] gmake[2]: *** [CMakeFiles/detector_learn.dir/build.make:76ï¼šCMakeFiles/detector_learn.dir/src/detector_learn.cpp.o] é”™è¯¯ 1
[5.895s] gmake[1]: *** [CMakeFiles/Makefile2:137ï¼šCMakeFiles/detector_learn.dir/all] é”™è¯¯ 2
[5.895s] gmake: *** [Makefile:146ï¼šall] é”™è¯¯ 2
[5.897s] Invoked command in '/home/ake/A.Ke/A.Ke_project/detector_opencv/src/detector_learn/build/detector_learn' returned '2': CMAKE_PREFIX_PATH=${CMAKE_PREFIX_PATH}:/opt/ros/humble /usr/bin/cmake --build /home/ake/A.Ke/A.Ke_project/detector_opencv/src/detector_learn/build/detector_learn -- -j2 -l2
