[01m[K/home/ake/A.Ke/A.Ke_project/armor_yolov8/src/armor_pnp_learn/src/armor_pnp_learn.cpp:7:10:[m[K [01;31m[Kfatal error: [m[Ktf2/LinearMath/Transform.h: 没有那个文件或目录
    7 | #include [01;31m[K<tf2/LinearMath/Transform.h>[m[K
      |          [01;31m[K^~~~~~~~~~~~~~~~~~~~~~~~~~~~[m[K
compilation terminated.
gmake[2]: *** [CMakeFiles/armor_pnp_learn.dir/build.make:76：CMakeFiles/armor_pnp_learn.dir/src/armor_pnp_learn.cpp.o] 错误 1
gmake[2]: *** 正在等待未完成的任务....
gmake[1]: *** [CMakeFiles/Makefile2:137：CMakeFiles/armor_pnp_learn.dir/all] 错误 2
gmake: *** [Makefile:146：all] 错误 2
